17-Sep-2019 01:31:59.070 경고 [main] org.apache.catalina.core.AprLifecycleListener.init The APR based Apache Tomcat Native library failed to load. The error reported was [C:\JSP\apache-tomcat-8.5.45\bin\tcnative-1.dll: Can't load AMD 64-bit .dll on a IA 32-bit platform]
	java.lang.UnsatisfiedLinkError: C:\JSP\apache-tomcat-8.5.45\bin\tcnative-1.dll: Can't load AMD 64-bit .dll on a IA 32-bit platform
		at java.lang.ClassLoader$NativeLibrary.load(Native Method)
		at java.lang.ClassLoader.loadLibrary0(ClassLoader.java:1938)
		at java.lang.ClassLoader.loadLibrary(ClassLoader.java:1854)
		at java.lang.Runtime.loadLibrary0(Runtime.java:870)
		at java.lang.System.loadLibrary(System.java:1122)
		at org.apache.tomcat.jni.Library.<init>(Library.java:42)
		at org.apache.tomcat.jni.Library.initialize(Library.java:178)
		at org.apache.catalina.core.AprLifecycleListener.init(AprLifecycleListener.java:198)
		at org.apache.catalina.core.AprLifecycleListener.isAprAvailable(AprLifecycleListener.java:107)
		at org.apache.catalina.connector.Connector.setProtocol(Connector.java:582)
		at org.apache.catalina.connector.Connector.<init>(Connector.java:74)
		at org.apache.catalina.startup.ConnectorCreateRule.begin(ConnectorCreateRule.java:64)
		at org.apache.tomcat.util.digester.Digester.startElement(Digester.java:1205)
		at com.sun.org.apache.xerces.internal.parsers.AbstractSAXParser.startElement(AbstractSAXParser.java:509)
		at com.sun.org.apache.xerces.internal.parsers.AbstractXMLDocumentParser.emptyElement(AbstractXMLDocumentParser.java:182)
		at com.sun.org.apache.xerces.internal.impl.XMLDocumentFragmentScannerImpl.scanStartElement(XMLDocumentFragmentScannerImpl.java:1344)
		at com.sun.org.apache.xerces.internal.impl.XMLDocumentFragmentScannerImpl$FragmentContentDriver.next(XMLDocumentFragmentScannerImpl.java:2787)
		at com.sun.org.apache.xerces.internal.impl.XMLDocumentScannerImpl.next(XMLDocumentScannerImpl.java:606)
		at com.sun.org.apache.xerces.internal.impl.XMLDocumentFragmentScannerImpl.scanDocument(XMLDocumentFragmentScannerImpl.java:510)
		at com.sun.org.apache.xerces.internal.parsers.XML11Configuration.parse(XML11Configuration.java:848)
		at com.sun.org.apache.xerces.internal.parsers.XML11Configuration.parse(XML11Configuration.java:777)
		at com.sun.org.apache.xerces.internal.parsers.XMLParser.parse(XMLParser.java:141)
		at com.sun.org.apache.xerces.internal.parsers.AbstractSAXParser.parse(AbstractSAXParser.java:1213)
		at com.sun.org.apache.xerces.internal.jaxp.SAXParserImpl$JAXPSAXParser.parse(SAXParserImpl.java:643)
		at org.apache.tomcat.util.digester.Digester.parse(Digester.java:1470)
		at org.apache.catalina.startup.Catalina.load(Catalina.java:611)
		at org.apache.catalina.startup.Catalina.load(Catalina.java:662)
		at sun.reflect.NativeMethodAccessorImpl.invoke0(Native Method)
		at sun.reflect.NativeMethodAccessorImpl.invoke(NativeMethodAccessorImpl.java:62)
		at sun.reflect.DelegatingMethodAccessorImpl.invoke(DelegatingMethodAccessorImpl.java:43)
		at java.lang.reflect.Method.invoke(Method.java:497)
		at org.apache.catalina.startup.Bootstrap.load(Bootstrap.java:309)
		at org.apache.catalina.startup.Bootstrap.main(Bootstrap.java:492)
17-Sep-2019 01:31:59.125 정보 [main] org.apache.catalina.startup.VersionLoggerListener.log Server version:        Apache Tomcat/8.5.45
17-Sep-2019 01:31:59.127 정보 [main] org.apache.catalina.startup.VersionLoggerListener.log Server built:          Aug 14 2019 22:21:25 UTC
17-Sep-2019 01:31:59.128 정보 [main] org.apache.catalina.startup.VersionLoggerListener.log Server number:         8.5.45.0
17-Sep-2019 01:31:59.129 정보 [main] org.apache.catalina.startup.VersionLoggerListener.log OS Name:               Windows 10
17-Sep-2019 01:31:59.129 정보 [main] org.apache.catalina.startup.VersionLoggerListener.log OS Version:            10.0
17-Sep-2019 01:31:59.130 정보 [main] org.apache.catalina.startup.VersionLoggerListener.log Architecture:          x86
17-Sep-2019 01:31:59.130 정보 [main] org.apache.catalina.startup.VersionLoggerListener.log Java Home:             C:\JavaProgramming\jdk1.8.0_65\jre
17-Sep-2019 01:31:59.131 정보 [main] org.apache.catalina.startup.VersionLoggerListener.log JVM Version:           1.8.0_65-b17
17-Sep-2019 01:31:59.131 정보 [main] org.apache.catalina.startup.VersionLoggerListener.log JVM Vendor:            Oracle Corporation
17-Sep-2019 01:31:59.131 정보 [main] org.apache.catalina.startup.VersionLoggerListener.log CATALINA_BASE:         C:\JSP\apache-tomcat-8.5.45
17-Sep-2019 01:31:59.132 정보 [main] org.apache.catalina.startup.VersionLoggerListener.log CATALINA_HOME:         C:\JSP\apache-tomcat-8.5.45
17-Sep-2019 01:31:59.132 정보 [main] org.apache.catalina.startup.VersionLoggerListener.log Command line argument: -Djava.util.logging.config.file=C:\JSP\apache-tomcat-8.5.45\conf\logging.properties
17-Sep-2019 01:31:59.133 정보 [main] org.apache.catalina.startup.VersionLoggerListener.log Command line argument: -Djava.util.logging.manager=org.apache.juli.ClassLoaderLogManager
17-Sep-2019 01:31:59.133 정보 [main] org.apache.catalina.startup.VersionLoggerListener.log Command line argument: -Djdk.tls.ephemeralDHKeySize=2048
17-Sep-2019 01:31:59.134 정보 [main] org.apache.catalina.startup.VersionLoggerListener.log Command line argument: -Djava.protocol.handler.pkgs=org.apache.catalina.webresources
17-Sep-2019 01:31:59.134 정보 [main] org.apache.catalina.startup.VersionLoggerListener.log Command line argument: -Dignore.endorsed.dirs=
17-Sep-2019 01:31:59.135 정보 [main] org.apache.catalina.startup.VersionLoggerListener.log Command line argument: -Dcatalina.base=C:\JSP\apache-tomcat-8.5.45
17-Sep-2019 01:31:59.135 정보 [main] org.apache.catalina.startup.VersionLoggerListener.log Command line argument: -Dcatalina.home=C:\JSP\apache-tomcat-8.5.45
17-Sep-2019 01:31:59.135 정보 [main] org.apache.catalina.startup.VersionLoggerListener.log Command line argument: -Djava.io.tmpdir=C:\JSP\apache-tomcat-8.5.45\temp
17-Sep-2019 01:31:59.218 정보 [main] org.apache.coyote.AbstractProtocol.init Initializing ProtocolHandler ["http-nio-8080"]
17-Sep-2019 01:31:59.271 정보 [main] org.apache.tomcat.util.net.NioSelectorPool.getSharedSelector Using a shared selector for servlet write/read
17-Sep-2019 01:31:59.280 정보 [main] org.apache.coyote.AbstractProtocol.init Initializing ProtocolHandler ["ajp-nio-8009"]
17-Sep-2019 01:31:59.281 정보 [main] org.apache.tomcat.util.net.NioSelectorPool.getSharedSelector Using a shared selector for servlet write/read
17-Sep-2019 01:31:59.282 정보 [main] org.apache.catalina.startup.Catalina.load Initialization processed in 389 ms
17-Sep-2019 01:31:59.311 정보 [main] org.apache.catalina.core.StandardService.startInternal Starting service [Catalina]
17-Sep-2019 01:31:59.314 정보 [main] org.apache.catalina.core.StandardEngine.startInternal Starting Servlet Engine: Apache Tomcat/8.5.45
17-Sep-2019 01:31:59.326 정보 [localhost-startStop-1] org.apache.catalina.startup.HostConfig.deployDirectory Deploying web application directory [C:\JSP\apache-tomcat-8.5.45\webapps\docs]
17-Sep-2019 01:31:59.729 경고 [localhost-startStop-1] org.apache.catalina.util.SessionIdGeneratorBase.createSecureRandom Creation of SecureRandom instance for session ID generation using [SHA1PRNG] took [211] milliseconds.
17-Sep-2019 01:31:59.745 정보 [localhost-startStop-1] org.apache.catalina.startup.HostConfig.deployDirectory Deployment of web application directory [C:\JSP\apache-tomcat-8.5.45\webapps\docs] has finished in [419] ms
17-Sep-2019 01:31:59.746 정보 [localhost-startStop-1] org.apache.catalina.startup.HostConfig.deployDirectory Deploying web application directory [C:\JSP\apache-tomcat-8.5.45\webapps\examples]
17-Sep-2019 01:32:00.548 정보 [localhost-startStop-1] org.apache.catalina.startup.HostConfig.deployDirectory Deployment of web application directory [C:\JSP\apache-tomcat-8.5.45\webapps\examples] has finished in [802] ms
17-Sep-2019 01:32:00.549 정보 [localhost-startStop-1] org.apache.catalina.startup.HostConfig.deployDirectory Deploying web application directory [C:\JSP\apache-tomcat-8.5.45\webapps\host-manager]
17-Sep-2019 01:32:00.571 정보 [localhost-startStop-1] org.apache.catalina.startup.HostConfig.deployDirectory Deployment of web application directory [C:\JSP\apache-tomcat-8.5.45\webapps\host-manager] has finished in [22] ms
17-Sep-2019 01:32:00.572 정보 [localhost-startStop-1] org.apache.catalina.startup.HostConfig.deployDirectory Deploying web application directory [C:\JSP\apache-tomcat-8.5.45\webapps\manager]
17-Sep-2019 01:32:00.595 정보 [localhost-startStop-1] org.apache.catalina.startup.HostConfig.deployDirectory Deployment of web application directory [C:\JSP\apache-tomcat-8.5.45\webapps\manager] has finished in [24] ms
17-Sep-2019 01:32:00.596 정보 [localhost-startStop-1] org.apache.catalina.startup.HostConfig.deployDirectory Deploying web application directory [C:\JSP\apache-tomcat-8.5.45\webapps\ROOT]
17-Sep-2019 01:32:00.612 정보 [localhost-startStop-1] org.apache.catalina.startup.HostConfig.deployDirectory Deployment of web application directory [C:\JSP\apache-tomcat-8.5.45\webapps\ROOT] has finished in [15] ms
17-Sep-2019 01:32:00.615 정보 [main] org.apache.coyote.AbstractProtocol.start Starting ProtocolHandler ["http-nio-8080"]
17-Sep-2019 01:32:00.622 정보 [main] org.apache.coyote.AbstractProtocol.start Starting ProtocolHandler ["ajp-nio-8009"]
17-Sep-2019 01:32:00.625 정보 [main] org.apache.catalina.startup.Catalina.start Server startup in 1341 ms
